# JRE version: Java(TM) SE Runtime Environment (8.0_102-b14) (build 1.8.0_102-b14)
# Java VM: Java HotSpot(TM) 64-Bit Server VM (25.102-b14 mixed mode windows-amd64 compressed oops)
Heap:
 PSYoungGen      total 254464K, used 221591K [0x00000000d5900000, 0x00000000e6a00000, 0x0000000100000000)
  eden space 240128K, 92% used [0x00000000d5900000,0x00000000e3165d08,0x00000000e4380000)
  from space 14336K, 0% used [0x00000000e5280000,0x00000000e5280000,0x00000000e6080000)
  to   space 15360K, 0% used [0x00000000e4380000,0x00000000e4380000,0x00000000e5280000)
 ParOldGen       total 72192K, used 19968K [0x0000000080a00000, 0x0000000085080000, 0x00000000d5900000)
  object space 72192K, 27% used [0x0000000080a00000,0x0000000081d80228,0x0000000085080000)
 Metaspace       used 42716K, capacity 43598K, committed 43864K, reserved 1087488K
  class space    used 5877K, capacity 6161K, committed 6272K, reserved 1048576K
GC Heap History (10 events):
Event: 7.200 GC heap before
{Heap before GC invocations=6 (full 1):
 PSYoungGen      total 71680K, used 5108K [0x00000000d5900000, 0x00000000df100000, 0x0000000100000000)
  eden space 66560K, 0% used [0x00000000d5900000,0x00000000d5900000,0x00000000d9a00000)
  from space 5120K, 99% used [0x00000000d9a00000,0x00000000d9efd090,0x00000000d9f00000)
  to   space 11264K, 0% used [0x00000000de600000,0x00000000de600000,0x00000000df100000)
 ParOldGen       total 87552K, used 9900K [0x0000000080a00000, 0x0000000085f80000, 0x00000000d5900000)
  object space 87552K, 11% used [0x0000000080a00000,0x00000000813ab3a8,0x0000000085f80000)
 Metaspace       used 20825K, capacity 21086K, committed 21248K, reserved 1067008K
  class space    used 2876K, capacity 2970K, committed 3072K, reserved 1048576K
Event: 7.234 GC heap after
Heap after GC invocations=6 (full 1):
 PSYoungGen      total 71680K, used 0K [0x00000000d5900000, 0x00000000df100000, 0x0000000100000000)
  eden space 66560K, 0% used [0x00000000d5900000,0x00000000d5900000,0x00000000d9a00000)
  from space 5120K, 0% used [0x00000000d9a00000,0x00000000d9a00000,0x00000000d9f00000)
  to   space 11264K, 0% used [0x00000000de600000,0x00000000de600000,0x00000000df100000)
 ParOldGen       total 52224K, used 10530K [0x0000000080a00000, 0x0000000083d00000, 0x00000000d5900000)
  object space 52224K, 20% used [0x0000000080a00000,0x0000000081448aa8,0x0000000083d00000)
 Metaspace       used 20825K, capacity 21086K, committed 21248K, reserved 1067008K
  class space    used 2876K, capacity 2970K, committed 3072K, reserved 1048576K
}
Event: 7.924 GC heap before
{Heap before GC invocations=7 (full 1):
 PSYoungGen      total 71680K, used 66560K [0x00000000d5900000, 0x00000000df100000, 0x0000000100000000)
  eden space 66560K, 100% used [0x00000000d5900000,0x00000000d9a00000,0x00000000d9a00000)
  from space 5120K, 0% used [0x00000000d9a00000,0x00000000d9a00000,0x00000000d9f00000)
  to   space 11264K, 0% used [0x00000000de600000,0x00000000de600000,0x00000000df100000)
 ParOldGen       total 52224K, used 10530K [0x0000000080a00000, 0x0000000083d00000, 0x00000000d5900000)
  object space 52224K, 20% used [0x0000000080a00000,0x0000000081448aa8,0x0000000083d00000)
 Metaspace       used 26507K, capacity 26896K, committed 27264K, reserved 1073152K
  class space    used 3721K, capacity 3860K, committed 3968K, reserved 1048576K
Event: 7.930 GC heap after
Heap after GC invocations=7 (full 1):
 PSYoungGen      total 134144K, used 6565K [0x00000000d5900000, 0x00000000dec80000, 0x0000000100000000)
  eden space 127488K, 0% used [0x00000000d5900000,0x00000000d5900000,0x00000000dd580000)
  from space 6656K, 98% used [0x00000000de600000,0x00000000dec69718,0x00000000dec80000)
  to   space 10752K, 0% used [0x00000000dd780000,0x00000000dd780000,0x00000000de200000)
 ParOldGen       total 52224K, used 10538K [0x0000000080a00000, 0x0000000083d00000, 0x00000000d5900000)
  object space 52224K, 20% used [0x0000000080a00000,0x000000008144aaa8,0x0000000083d00000)
 Metaspace       used 26507K, capacity 26896K, committed 27264K, reserved 1073152K
  class space    used 3721K, capacity 3860K, committed 3968K, reserved 1048576K
}
Event: 9.448 GC heap before
{Heap before GC invocations=8 (full 1):
 PSYoungGen      total 134144K, used 134053K [0x00000000d5900000, 0x00000000dec80000, 0x0000000100000000)
  eden space 127488K, 100% used [0x00000000d5900000,0x00000000dd580000,0x00000000dd580000)
  from space 6656K, 98% used [0x00000000de600000,0x00000000dec69718,0x00000000dec80000)
  to   space 10752K, 0% used [0x00000000dd780000,0x00000000dd780000,0x00000000de200000)
 ParOldGen       total 52224K, used 10538K [0x0000000080a00000, 0x0000000083d00000, 0x00000000d5900000)
  object space 52224K, 20% used [0x0000000080a00000,0x000000008144aaa8,0x0000000083d00000)
 Metaspace       used 34278K, capacity 34850K, committed 35200K, reserved 1079296K
  class space    used 4700K, capacity 4865K, committed 4992K, reserved 1048576K
Event: 9.463 GC heap after
Heap after GC invocations=8 (full 1):
 PSYoungGen      total 140288K, used 10721K [0x00000000d5900000, 0x00000000e6080000, 0x0000000100000000)
  eden space 129536K, 0% used [0x00000000d5900000,0x00000000d5900000,0x00000000dd780000)
  from space 10752K, 99% used [0x00000000dd780000,0x00000000de1f87d0,0x00000000de200000)
  to   space 14336K, 0% used [0x00000000e5280000,0x00000000e5280000,0x00000000e6080000)
 ParOldGen       total 52224K, used 14953K [0x0000000080a00000, 0x0000000083d00000, 0x00000000d5900000)
  object space 52224K, 28% used [0x0000000080a00000,0x000000008189a618,0x0000000083d00000)
 Metaspace       used 34278K, capacity 34850K, committed 35200K, reserved 1079296K
  class space    used 4700K, capacity 4865K, committed 4992K, reserved 1048576K
}
Event: 9.565 GC heap before
{Heap before GC invocations=9 (full 1):
 PSYoungGen      total 140288K, used 31394K [0x00000000d5900000, 0x00000000e6080000, 0x0000000100000000)
  eden space 129536K, 15% used [0x00000000d5900000,0x00000000d6d30268,0x00000000dd780000)
  from space 10752K, 99% used [0x00000000dd780000,0x00000000de1f87d0,0x00000000de200000)
  to   space 14336K, 0% used [0x00000000e5280000,0x00000000e5280000,0x00000000e6080000)
 ParOldGen       total 52224K, used 14953K [0x0000000080a00000, 0x0000000083d00000, 0x00000000d5900000)
  object space 52224K, 28% used [0x0000000080a00000,0x000000008189a618,0x0000000083d00000)
 Metaspace       used 34616K, capacity 35184K, committed 35416K, reserved 1079296K
  class space    used 4755K, capacity 4935K, committed 4992K, reserved 1048576K
Event: 9.576 GC heap after
Heap after GC invocations=9 (full 1):
 PSYoungGen      total 254464K, used 12159K [0x00000000d5900000, 0x00000000e6a00000, 0x0000000100000000)
  eden space 240128K, 0% used [0x00000000d5900000,0x00000000d5900000,0x00000000e4380000)
  from space 14336K, 84% used [0x00000000e5280000,0x00000000e5e5fe08,0x00000000e6080000)
  to   space 15360K, 0% used [0x00000000e4380000,0x00000000e4380000,0x00000000e5280000)
 ParOldGen       total 52224K, used 14961K [0x0000000080a00000, 0x0000000083d00000, 0x00000000d5900000)
  object space 52224K, 28% used [0x0000000080a00000,0x000000008189c618,0x0000000083d00000)
 Metaspace       used 34616K, capacity 35184K, committed 35416K, reserved 1079296K
  class space    used 4755K, capacity 4935K, committed 4992K, reserved 1048576K
}
Event: 9.576 GC heap before
{Heap before GC invocations=10 (full 2):
 PSYoungGen      total 254464K, used 12159K [0x00000000d5900000, 0x00000000e6a00000, 0x0000000100000000)
  eden space 240128K, 0% used [0x00000000d5900000,0x00000000d5900000,0x00000000e4380000)
  from space 14336K, 84% used [0x00000000e5280000,0x00000000e5e5fe08,0x00000000e6080000)
  to   space 15360K, 0% used [0x00000000e4380000,0x00000000e4380000,0x00000000e5280000)
 ParOldGen       total 52224K, used 14961K [0x0000000080a00000, 0x0000000083d00000, 0x00000000d5900000)
  object space 52224K, 28% used [0x0000000080a00000,0x000000008189c618,0x0000000083d00000)
 Metaspace       used 34616K, capacity 35184K, committed 35416K, reserved 1079296K
  class space    used 4755K, capacity 4935K, committed 4992K, reserved 1048576K
Event: 9.656 GC heap after
Heap after GC invocations=10 (full 2):
 PSYoungGen      total 254464K, used 0K [0x00000000d5900000, 0x00000000e6a00000, 0x0000000100000000)
  eden space 240128K, 0% used [0x00000000d5900000,0x00000000d5900000,0x00000000e4380000)
  from space 14336K, 0% used [0x00000000e5280000,0x00000000e5280000,0x00000000e6080000)
  to   space 15360K, 0% used [0x00000000e4380000,0x00000000e4380000,0x00000000e5280000)
 ParOldGen       total 72192K, used 19968K [0x0000000080a00000, 0x0000000085080000, 0x00000000d5900000)
  object space 72192K, 27% used [0x0000000080a00000,0x0000000081d80228,0x0000000085080000)
 Metaspace       used 34616K, capacity 35184K, committed 35416K, reserved 1079296K
  class space    used 4755K, capacity 4935K, committed 4992K, reserved 1048576K
}

